103.11.04 00:04 B D:\grad\biophotonics_webpage\fellows\bill.html --> confucius.eng.buffalo.edu /usr/local/info/Photonics/IGERT/fellows bill.html
103.11.04 00:04 B D:\grad\biophotonics_webpage\fellows\chris.html --> confucius.eng.buffalo.edu /usr/local/info/Photonics/IGERT/fellows chris.html
103.11.04 00:04 B D:\grad\biophotonics_webpage\fellows\daniel.html --> confucius.eng.buffalo.edu /usr/local/info/Photonics/IGERT/fellows daniel.html
103.11.04 00:04 B D:\grad\biophotonics_webpage\fellows\eric.html --> confucius.eng.buffalo.edu /usr/local/info/Photonics/IGERT/fellows eric.html
103.11.04 00:04 B D:\grad\biophotonics_webpage\fellows\mark.html --> confucius.eng.buffalo.edu /usr/local/info/Photonics/IGERT/fellows mark.html
103.11.04 00:04 B D:\grad\biophotonics_webpage\fellows\michael.html --> confucius.eng.buffalo.edu /usr/local/info/Photonics/IGERT/fellows michael.html
103.11.04 00:04 B D:\grad\biophotonics_webpage\fellows\nancy.html --> confucius.eng.buffalo.edu /usr/local/info/Photonics/IGERT/fellows nancy.html
103.11.04 00:04 B D:\grad\biophotonics_webpage\fellows\star.html --> confucius.eng.buffalo.edu /usr/local/info/Photonics/IGERT/fellows star.html
103.11.04 00:24 B D:\grad\biophotonics_webpage\fellows\amy.html --> confucius.eng.buffalo.edu /usr/local/info/Photonics/IGERT/fellows amy.html
103.11.04 00:24 B D:\grad\biophotonics_webpage\fellows\bill.html --> confucius.eng.buffalo.edu /usr/local/info/Photonics/IGERT/fellows bill.html
103.11.04 00:24 B D:\grad\biophotonics_webpage\fellows\chris.html --> confucius.eng.buffalo.edu /usr/local/info/Photonics/IGERT/fellows chris.html
103.11.04 00:24 B D:\grad\biophotonics_webpage\fellows\claudia.html --> confucius.eng.buffalo.edu /usr/local/info/Photonics/IGERT/fellows claudia.html
103.11.04 00:24 B D:\grad\biophotonics_webpage\fellows\daniel.html --> confucius.eng.buffalo.edu /usr/local/info/Photonics/IGERT/fellows daniel.html
103.11.04 00:24 B D:\grad\biophotonics_webpage\fellows\david.html --> confucius.eng.buffalo.edu /usr/local/info/Photonics/IGERT/fellows david.html
103.11.04 00:24 B D:\grad\biophotonics_webpage\fellows\diane.html --> confucius.eng.buffalo.edu /usr/local/info/Photonics/IGERT/fellows diane.html
103.11.04 00:24 B D:\grad\biophotonics_webpage\fellows\eric.html --> confucius.eng.buffalo.edu /usr/local/info/Photonics/IGERT/fellows eric.html
103.11.04 00:24 B D:\grad\biophotonics_webpage\fellows\joseph.html --> confucius.eng.buffalo.edu /usr/local/info/Photonics/IGERT/fellows joseph.html
103.11.04 00:24 B D:\grad\biophotonics_webpage\fellows\mark.html --> confucius.eng.buffalo.edu /usr/local/info/Photonics/IGERT/fellows mark.html
103.11.04 00:24 B D:\grad\biophotonics_webpage\fellows\masoud.html --> confucius.eng.buffalo.edu /usr/local/info/Photonics/IGERT/fellows masoud.html
103.11.04 00:24 B D:\grad\biophotonics_webpage\fellows\michael.html --> confucius.eng.buffalo.edu /usr/local/info/Photonics/IGERT/fellows michael.html
103.11.04 00:24 B D:\grad\biophotonics_webpage\fellows\nancy.html --> confucius.eng.buffalo.edu /usr/local/info/Photonics/IGERT/fellows nancy.html
103.11.04 00:24 B D:\grad\biophotonics_webpage\fellows\star.html --> confucius.eng.buffalo.edu /usr/local/info/Photonics/IGERT/fellows star.html
103.11.04 00:24 B D:\grad\biophotonics_webpage\fellows\vincent.html --> confucius.eng.buffalo.edu /usr/local/info/Photonics/IGERT/fellows vincent.html
103.11.04 00:24 B D:\grad\biophotonics_webpage\fellows\william.html --> confucius.eng.buffalo.edu /usr/local/info/Photonics/IGERT/fellows william.html
