103.09.20 22:37 B D:\grad\biophotonics_webpage\dan\index.html --> confucius.eng.buffalo.edu /usr/local/info/Photonics/IGERT/dan index.html
103.09.20 22:37 B D:\grad\biophotonics_webpage\dan\password.htm --> confucius.eng.buffalo.edu /usr/local/info/Photonics/IGERT/dan password.htm
103.09.20 22:40 B D:\grad\biophotonics_webpage\dan\hidden.html --> confucius.eng.buffalo.edu /usr/local/info/Photonics/IGERT/dan hidden.html
103.09.20 22:40 B D:\grad\biophotonics_webpage\dan\password.htm --> confucius.eng.buffalo.edu /usr/local/info/Photonics/IGERT/dan password.htm
103.09.20 22:40 B D:\grad\biophotonics_webpage\dan\reject.html --> confucius.eng.buffalo.edu /usr/local/info/Photonics/IGERT/dan reject.html
103.09.20 22:41 B D:\grad\biophotonics_webpage\dan\password.htm --> confucius.eng.buffalo.edu /usr/local/info/Photonics/IGERT/dan password.htm
103.09.20 22:50 B D:\grad\biophotonics_webpage\dan\password.html --> confucius.eng.buffalo.edu /usr/local/info/Photonics/IGERT/dan password.html
103.09.20 22:57 B D:\grad\biophotonics_webpage\dan\hidden.html --> confucius.eng.buffalo.edu /usr/local/info/Photonics/IGERT/dan hidden.html
103.09.20 22:57 B D:\grad\biophotonics_webpage\dan\password.html --> confucius.eng.buffalo.edu /usr/local/info/Photonics/IGERT/dan password.html
103.09.20 22:57 B D:\grad\biophotonics_webpage\dan\reject.html --> confucius.eng.buffalo.edu /usr/local/info/Photonics/IGERT/dan reject.html
103.09.20 22:58 B D:\grad\biophotonics_webpage\dan\password.html --> confucius.eng.buffalo.edu /usr/local/info/Photonics/IGERT/dan password.html
103.09.20 23:00 B D:\grad\biophotonics_webpage\dan\password.html --> confucius.eng.buffalo.edu /usr/local/info/Photonics/IGERT/dan password.html
103.09.20 23:01 B D:\grad\biophotonics_webpage\dan\hidden.html --> confucius.eng.buffalo.edu /usr/local/info/Photonics/IGERT/dan hidden.html
103.09.20 23:02 B D:\grad\biophotonics_webpage\dan\index.html --> confucius.eng.buffalo.edu /usr/local/info/Photonics/IGERT/dan index.html
103.09.20 23:02 B D:\grad\biophotonics_webpage\dan\hidden.html --> confucius.eng.buffalo.edu /usr/local/info/Photonics/IGERT/dan hidden.html
103.11.04 00:33 B D:\grad\biophotonics_webpage\dan\password.html --> confucius.eng.buffalo.edu /usr/local/info/Photonics/IGERT/dan password.html
103.11.04 00:34 B D:\grad\biophotonics_webpage\dan\password.html --> confucius.eng.buffalo.edu /usr/local/info/Photonics/IGERT/dan password.html
103.11.04 00:37 B D:\grad\biophotonics_webpage\dan\password.html --> confucius.eng.buffalo.edu /usr/local/info/Photonics/IGERT/dan password.html
103.11.23 17:52 B D:\grad\biophotonics_webpage\dan\hidden.html --> confucius.eng.buffalo.edu /usr/local/info/Photonics/IGERT/dan hidden.html
103.11.23 17:52 B D:\grad\biophotonics_webpage\dan\left.html --> confucius.eng.buffalo.edu /usr/local/info/Photonics/IGERT/dan left.html
103.11.23 17:52 B D:\grad\biophotonics_webpage\dan\right.html --> confucius.eng.buffalo.edu /usr/local/info/Photonics/IGERT/dan right.html
103.11.23 17:52 B D:\grad\biophotonics_webpage\dan\top.html --> confucius.eng.buffalo.edu /usr/local/info/Photonics/IGERT/dan top.html
103.11.23 17:53 B D:\grad\biophotonics_webpage\dan\back1.jpg --> confucius.eng.buffalo.edu /usr/local/info/Photonics/IGERT/dan back1.jpg
103.11.23 17:53 B D:\grad\biophotonics_webpage\dan\back2.jpg --> confucius.eng.buffalo.edu /usr/local/info/Photonics/IGERT/dan back2.jpg
103.11.23 17:53 B D:\grad\biophotonics_webpage\dan\back3.jpg --> confucius.eng.buffalo.edu /usr/local/info/Photonics/IGERT/dan back3.jpg
103.11.23 18:48 B D:\grad\biophotonics_webpage\dan\conferences.html --> confucius.eng.buffalo.edu /usr/local/info/Photonics/IGERT/dan conferences.html
103.11.23 18:48 B D:\grad\biophotonics_webpage\dan\events.html --> confucius.eng.buffalo.edu /usr/local/info/Photonics/IGERT/dan events.html
103.11.23 18:48 B D:\grad\biophotonics_webpage\dan\fellows.html --> confucius.eng.buffalo.edu /usr/local/info/Photonics/IGERT/dan fellows.html
103.11.23 18:48 B D:\grad\biophotonics_webpage\dan\info.html --> confucius.eng.buffalo.edu /usr/local/info/Photonics/IGERT/dan info.html
103.11.23 18:48 B D:\grad\biophotonics_webpage\dan\minutes.html --> confucius.eng.buffalo.edu /usr/local/info/Photonics/IGERT/dan minutes.html
103.11.23 18:48 B D:\grad\biophotonics_webpage\dan\pictures.html --> confucius.eng.buffalo.edu /usr/local/info/Photonics/IGERT/dan pictures.html
103.11.23 18:48 B D:\grad\biophotonics_webpage\dan\requirements.html --> confucius.eng.buffalo.edu /usr/local/info/Photonics/IGERT/dan requirements.html
103.11.23 18:48 B D:\grad\biophotonics_webpage\dan\resources.html --> confucius.eng.buffalo.edu /usr/local/info/Photonics/IGERT/dan resources.html
103.11.23 18:48 B D:\grad\biophotonics_webpage\dan\taxes.html --> confucius.eng.buffalo.edu /usr/local/info/Photonics/IGERT/dan taxes.html
103.11.23 18:49 B D:\grad\biophotonics_webpage\dan\right.html --> confucius.eng.buffalo.edu /usr/local/info/Photonics/IGERT/dan right.html
103.11.23 18:50 B D:\grad\biophotonics_webpage\dan\left.html --> confucius.eng.buffalo.edu /usr/local/info/Photonics/IGERT/dan left.html
103.11.23 18:54 B D:\grad\biophotonics_webpage\dan\hidden.html --> confucius.eng.buffalo.edu /usr/local/info/Photonics/IGERT/dan hidden.html
103.11.24 00:48 B D:\grad\biophotonics_webpage\dan\10_23_03.doc --> confucius.eng.buffalo.edu /usr/local/info/Photonics/IGERT/dan 10_23_03.doc
103.11.24 00:48 B D:\grad\biophotonics_webpage\dan\10_8_03.doc --> confucius.eng.buffalo.edu /usr/local/info/Photonics/IGERT/dan 10_8_03.doc
103.11.24 00:48 B D:\grad\biophotonics_webpage\dan\11_20_03.doc --> confucius.eng.buffalo.edu /usr/local/info/Photonics/IGERT/dan 11_20_03.doc
103.11.24 00:48 B D:\grad\biophotonics_webpage\dan\11_5_03.doc --> confucius.eng.buffalo.edu /usr/local/info/Photonics/IGERT/dan 11_5_03.doc
103.11.24 00:49 B D:\grad\biophotonics_webpage\dan\8_18_03.doc --> confucius.eng.buffalo.edu /usr/local/info/Photonics/IGERT/dan 8_18_03.doc
103.11.24 00:49 B D:\grad\biophotonics_webpage\dan\9_10_03.doc --> confucius.eng.buffalo.edu /usr/local/info/Photonics/IGERT/dan 9_10_03.doc
103.11.24 00:49 B D:\grad\biophotonics_webpage\dan\9_25_03.doc --> confucius.eng.buffalo.edu /usr/local/info/Photonics/IGERT/dan 9_25_03.doc
103.11.24 00:49 B D:\grad\biophotonics_webpage\dan\fellows.html --> confucius.eng.buffalo.edu /usr/local/info/Photonics/IGERT/dan fellows.html
103.11.24 00:49 B D:\grad\biophotonics_webpage\dan\hidden.html --> confucius.eng.buffalo.edu /usr/local/info/Photonics/IGERT/dan hidden.html
103.11.24 00:49 B D:\grad\biophotonics_webpage\dan\info.html --> confucius.eng.buffalo.edu /usr/local/info/Photonics/IGERT/dan info.html
103.11.24 00:49 B D:\grad\biophotonics_webpage\dan\left.html --> confucius.eng.buffalo.edu /usr/local/info/Photonics/IGERT/dan left.html
103.11.24 00:49 B D:\grad\biophotonics_webpage\dan\minutes.html --> confucius.eng.buffalo.edu /usr/local/info/Photonics/IGERT/dan minutes.html
103.11.24 00:49 B D:\grad\biophotonics_webpage\dan\officers.html --> confucius.eng.buffalo.edu /usr/local/info/Photonics/IGERT/dan officers.html
103.11.24 00:49 B D:\grad\biophotonics_webpage\dan\pictures.html --> confucius.eng.buffalo.edu /usr/local/info/Photonics/IGERT/dan pictures.html
103.11.24 00:49 B D:\grad\biophotonics_webpage\dan\presentations.html --> confucius.eng.buffalo.edu /usr/local/info/Photonics/IGERT/dan presentations.html
103.11.24 00:49 B D:\grad\biophotonics_webpage\dan\requirements.html --> confucius.eng.buffalo.edu /usr/local/info/Photonics/IGERT/dan requirements.html
103.11.24 00:49 B D:\grad\biophotonics_webpage\dan\resources.html --> confucius.eng.buffalo.edu /usr/local/info/Photonics/IGERT/dan resources.html
103.11.24 00:49 B D:\grad\biophotonics_webpage\dan\right.html --> confucius.eng.buffalo.edu /usr/local/info/Photonics/IGERT/dan right.html
103.11.24 00:49 B D:\grad\biophotonics_webpage\dan\taxes.html --> confucius.eng.buffalo.edu /usr/local/info/Photonics/IGERT/dan taxes.html
103.11.24 01:03 B D:\grad\biophotonics_webpage\dan\info.html --> confucius.eng.buffalo.edu /usr/local/info/Photonics/IGERT/dan info.html
103.11.24 01:03 B D:\grad\biophotonics_webpage\dan\minutes.html --> confucius.eng.buffalo.edu /usr/local/info/Photonics/IGERT/dan minutes.html
103.11.24 01:03 B D:\grad\biophotonics_webpage\dan\officers.html --> confucius.eng.buffalo.edu /usr/local/info/Photonics/IGERT/dan officers.html
103.11.24 01:03 B D:\grad\biophotonics_webpage\dan\presentations.html --> confucius.eng.buffalo.edu /usr/local/info/Photonics/IGERT/dan presentations.html
103.11.24 01:15 B D:\grad\biophotonics_webpage\dan\right.html --> confucius.eng.buffalo.edu /usr/local/info/Photonics/IGERT/dan right.html
103.11.24 01:15 B D:\grad\biophotonics_webpage\dan\info.html --> confucius.eng.buffalo.edu /usr/local/info/Photonics/IGERT/dan info.html
103.11.24 01:16 B D:\grad\biophotonics_webpage\dan\hidden.html --> confucius.eng.buffalo.edu /usr/local/info/Photonics/IGERT/dan hidden.html
103.11.24 01:16 B D:\grad\biophotonics_webpage\dan\fellows.html --> confucius.eng.buffalo.edu /usr/local/info/Photonics/IGERT/dan fellows.html
2003.12.09 13:33 B D:\grad\biophotonics_webpage\hidden\right.html --> confucius.eng.buffalo.edu /usr/local/info/Photonics/IGERT/dan right.html
2003.12.09 13:33 B D:\grad\biophotonics_webpage\hidden\officers.html --> confucius.eng.buffalo.edu /usr/local/info/Photonics/IGERT/dan officers.html
2003.12.09 13:40 B D:\grad\biophotonics_webpage\hidden\10_23_03.doc --> confucius.eng.buffalo.edu /usr/local/info/Photonics/IGERT/hidden 10_23_03.doc
2003.12.09 13:40 B D:\grad\biophotonics_webpage\hidden\10_8_03.doc --> confucius.eng.buffalo.edu /usr/local/info/Photonics/IGERT/hidden 10_8_03.doc
2003.12.09 13:40 B D:\grad\biophotonics_webpage\hidden\11_20_03.doc --> confucius.eng.buffalo.edu /usr/local/info/Photonics/IGERT/hidden 11_20_03.doc
2003.12.09 13:40 B D:\grad\biophotonics_webpage\hidden\11_5_03.doc --> confucius.eng.buffalo.edu /usr/local/info/Photonics/IGERT/hidden 11_5_03.doc
2003.12.09 13:40 B D:\grad\biophotonics_webpage\hidden\8_18_03.doc --> confucius.eng.buffalo.edu /usr/local/info/Photonics/IGERT/hidden 8_18_03.doc
2003.12.09 13:40 B D:\grad\biophotonics_webpage\hidden\9_10_03.doc --> confucius.eng.buffalo.edu /usr/local/info/Photonics/IGERT/hidden 9_10_03.doc
2003.12.09 13:40 B D:\grad\biophotonics_webpage\hidden\9_25_03.doc --> confucius.eng.buffalo.edu /usr/local/info/Photonics/IGERT/hidden 9_25_03.doc
2003.12.09 13:40 B D:\grad\biophotonics_webpage\hidden\back1.jpg --> confucius.eng.buffalo.edu /usr/local/info/Photonics/IGERT/hidden back1.jpg
2003.12.09 13:40 B D:\grad\biophotonics_webpage\hidden\back2 copy.jpg --> confucius.eng.buffalo.edu /usr/local/info/Photonics/IGERT/hidden back2 copy.jpg
2003.12.09 13:40 B D:\grad\biophotonics_webpage\hidden\back2.jpg --> confucius.eng.buffalo.edu /usr/local/info/Photonics/IGERT/hidden back2.jpg
2003.12.09 13:40 B D:\grad\biophotonics_webpage\hidden\back3.jpg --> confucius.eng.buffalo.edu /usr/local/info/Photonics/IGERT/hidden back3.jpg
2003.12.09 13:40 B D:\grad\biophotonics_webpage\hidden\background.jpg --> confucius.eng.buffalo.edu /usr/local/info/Photonics/IGERT/hidden background.jpg
2003.12.09 13:40 B D:\grad\biophotonics_webpage\hidden\conferences.html --> confucius.eng.buffalo.edu /usr/local/info/Photonics/IGERT/hidden conferences.html
2003.12.09 13:40 B D:\grad\biophotonics_webpage\hidden\COPYING --> confucius.eng.buffalo.edu /usr/local/info/Photonics/IGERT/hidden COPYING
2003.12.09 13:40 B D:\grad\biophotonics_webpage\hidden\events.html --> confucius.eng.buffalo.edu /usr/local/info/Photonics/IGERT/hidden events.html
2003.12.09 13:40 B D:\grad\biophotonics_webpage\hidden\fellows.html --> confucius.eng.buffalo.edu /usr/local/info/Photonics/IGERT/hidden fellows.html
2003.12.09 13:40 B D:\grad\biophotonics_webpage\hidden\hidden.html --> confucius.eng.buffalo.edu /usr/local/info/Photonics/IGERT/hidden hidden.html
2003.12.09 13:40 B D:\grad\biophotonics_webpage\hidden\index.html --> confucius.eng.buffalo.edu /usr/local/info/Photonics/IGERT/hidden index.html
2003.12.09 13:40 B D:\grad\biophotonics_webpage\hidden\info.html --> confucius.eng.buffalo.edu /usr/local/info/Photonics/IGERT/hidden info.html
2003.12.09 13:40 B D:\grad\biophotonics_webpage\hidden\jps1_1.zip --> confucius.eng.buffalo.edu /usr/local/info/Photonics/IGERT/hidden jps1_1.zip
2003.12.09 13:40 B D:\grad\biophotonics_webpage\hidden\jpslock.gif --> confucius.eng.buffalo.edu /usr/local/info/Photonics/IGERT/hidden jpslock.gif
2003.12.09 13:41 B D:\grad\biophotonics_webpage\hidden\left.html --> confucius.eng.buffalo.edu /usr/local/info/Photonics/IGERT/hidden left.html
2003.12.09 13:41 B D:\grad\biophotonics_webpage\hidden\minutes.html --> confucius.eng.buffalo.edu /usr/local/info/Photonics/IGERT/hidden minutes.html
2003.12.09 13:41 B D:\grad\biophotonics_webpage\hidden\officers.html --> confucius.eng.buffalo.edu /usr/local/info/Photonics/IGERT/hidden officers.html
2003.12.09 13:41 B D:\grad\biophotonics_webpage\hidden\password.html --> confucius.eng.buffalo.edu /usr/local/info/Photonics/IGERT/hidden password.html
2003.12.09 13:41 B D:\grad\biophotonics_webpage\hidden\pictures.html --> confucius.eng.buffalo.edu /usr/local/info/Photonics/IGERT/hidden pictures.html
2003.12.09 13:41 B D:\grad\biophotonics_webpage\hidden\presentations.html --> confucius.eng.buffalo.edu /usr/local/info/Photonics/IGERT/hidden presentations.html
2003.12.09 13:41 B D:\grad\biophotonics_webpage\hidden\README --> confucius.eng.buffalo.edu /usr/local/info/Photonics/IGERT/hidden README
2003.12.09 13:41 B D:\grad\biophotonics_webpage\hidden\reject.html --> confucius.eng.buffalo.edu /usr/local/info/Photonics/IGERT/hidden reject.html
2003.12.09 13:41 B D:\grad\biophotonics_webpage\hidden\requirements.html --> confucius.eng.buffalo.edu /usr/local/info/Photonics/IGERT/hidden requirements.html
2003.12.09 13:41 B D:\grad\biophotonics_webpage\hidden\resources.html --> confucius.eng.buffalo.edu /usr/local/info/Photonics/IGERT/hidden resources.html
2003.12.09 13:41 B D:\grad\biophotonics_webpage\hidden\right.html --> confucius.eng.buffalo.edu /usr/local/info/Photonics/IGERT/hidden right.html
2003.12.09 13:41 B D:\grad\biophotonics_webpage\hidden\taxes.html --> confucius.eng.buffalo.edu /usr/local/info/Photonics/IGERT/hidden taxes.html
2003.12.09 13:41 B D:\grad\biophotonics_webpage\hidden\top.html --> confucius.eng.buffalo.edu /usr/local/info/Photonics/IGERT/hidden top.html
